<?xml version="1.0" encoding="UTF-8"?>
<robot generator="Robot 5.0.1 (Python 3.8.10 on linux)" generated="20220523 15:34:58.881" rpa="false" schemaversion="3">
<suite id="s1" name="TodoTest" source="/home/pawgre/tests/tests/e2e/robot-page-object/tests/TodoTest.robot">
<test id="s1-t1" name="010 Sprawdzanie funkcjonalności Todo-dostęp do zakładki Todo tylko po zalogowaniu" line="11">
<kw name="Opening Browser" library="Common">
<arg>${APP_URL}</arg>
<arg>${BROWSER}</arg>
<kw name="Open Browser" library="SeleniumLibrary">
<arg>${site_url}</arg>
<arg>${browser}</arg>
<doc>Opens a new browser instance to the optional ``url``.</doc>
<msg timestamp="20220523 15:34:59.152" level="INFO">Opening browser 'Chrome' to base url 'http://localhost/'.</msg>
<status status="PASS" starttime="20220523 15:34:59.151" endtime="20220523 15:35:01.848"/>
</kw>
<kw name="Wait Until Element Is Visible" library="SeleniumLibrary">
<arg>${SingUpButton}</arg>
<arg>timeout=5</arg>
<doc>Waits until the element ``locator`` is visible.</doc>
<status status="PASS" starttime="20220523 15:35:01.848" endtime="20220523 15:35:01.891"/>
</kw>
<kw name="Title Should Be" library="SeleniumLibrary">
<arg>Home | Frontend</arg>
<doc>Verifies that the current page title equals ``title``.</doc>
<msg timestamp="20220523 15:35:01.900" level="INFO">Page title is 'Home | Frontend'.</msg>
<status status="PASS" starttime="20220523 15:35:01.892" endtime="20220523 15:35:01.900"/>
</kw>
<status status="PASS" starttime="20220523 15:34:59.151" endtime="20220523 15:35:01.900"/>
</kw>
<kw name="Go to login page" library="Common">
<kw name="Click Element" library="SeleniumLibrary">
<arg>${LoginButton}</arg>
<doc>Click the element identified by ``locator``.</doc>
<msg timestamp="20220523 15:35:01.902" level="INFO">Clicking element '//a[contains(text(),'Login')]'.</msg>
<status status="PASS" starttime="20220523 15:35:01.901" endtime="20220523 15:35:01.966"/>
</kw>
<kw name="Sleep" library="BuiltIn">
<arg>1s</arg>
<doc>Pauses the test executed for the given time.</doc>
<msg timestamp="20220523 15:35:02.967" level="INFO">Slept 1 second</msg>
<status status="PASS" starttime="20220523 15:35:01.966" endtime="20220523 15:35:02.968"/>
</kw>
<status status="PASS" starttime="20220523 15:35:01.901" endtime="20220523 15:35:02.968"/>
</kw>
<kw name="Input Username" library="LoginPage">
<kw name="Input Text" library="SeleniumLibrary">
<arg>${LoginUsernameInput}</arg>
<arg>${USERNAME}</arg>
<doc>Types the given ``text`` into the text field identified by ``locator``.</doc>
<msg timestamp="20220523 15:35:02.970" level="INFO">Typing text 'ingusek' into text field 'input-username'.</msg>
<status status="PASS" starttime="20220523 15:35:02.969" endtime="20220523 15:35:03.115"/>
</kw>
<status status="PASS" starttime="20220523 15:35:02.968" endtime="20220523 15:35:03.115"/>
</kw>
<kw name="Input Password" library="LoginPage">
<kw name="Input Text" library="SeleniumLibrary">
<arg>${LoginPasswordInput}</arg>
<arg>${PASSWORD}</arg>
<doc>Types the given ``text`` into the text field identified by ``locator``.</doc>
<msg timestamp="20220523 15:35:03.116" level="INFO">Typing text 'test1234' into text field 'input-password'.</msg>
<status status="PASS" starttime="20220523 15:35:03.115" endtime="20220523 15:35:03.259"/>
</kw>
<status status="PASS" starttime="20220523 15:35:03.115" endtime="20220523 15:35:03.260"/>
</kw>
<kw name="Login button" library="LoginPage">
<kw name="Click Element" library="SeleniumLibrary">
<arg>${SubmitLoginButton}</arg>
<doc>Click the element identified by ``locator``.</doc>
<msg timestamp="20220523 15:35:03.261" level="INFO">Clicking element '//button[@type="submit"]'.</msg>
<status status="PASS" starttime="20220523 15:35:03.261" endtime="20220523 15:35:03.378"/>
</kw>
<kw name="Sleep" library="BuiltIn">
<arg>1s</arg>
<doc>Pauses the test executed for the given time.</doc>
<msg timestamp="20220523 15:35:04.379" level="INFO">Slept 1 second</msg>
<status status="PASS" starttime="20220523 15:35:03.379" endtime="20220523 15:35:04.379"/>
</kw>
<status status="PASS" starttime="20220523 15:35:03.260" endtime="20220523 15:35:04.380"/>
</kw>
<kw name="Assert Login" library="LoginPage">
<kw name="Get Text" library="SeleniumLibrary">
<var>${welcome}</var>
<arg>${GoToAccountPageButton}</arg>
<doc>Returns the text value of the element identified by ``locator``.</doc>
<msg timestamp="20220523 15:35:04.414" level="INFO">${welcome} = Welcome, Jan</msg>
<status status="PASS" starttime="20220523 15:35:04.381" endtime="20220523 15:35:04.415"/>
</kw>
<kw name="Should Be Equal" library="BuiltIn">
<arg>${welcome}</arg>
<arg>Welcome, Jan</arg>
<doc>Fails if the given objects are unequal.</doc>
<status status="PASS" starttime="20220523 15:35:04.415" endtime="20220523 15:35:04.415"/>
</kw>
<status status="PASS" starttime="20220523 15:35:04.380" endtime="20220523 15:35:04.415"/>
</kw>
<kw name="Open page Todo" library="TodoPage">
<kw name="Click Element" library="SeleniumLibrary">
<arg>${OpenPageTodoMenu}</arg>
<doc>Click the element identified by ``locator``.</doc>
<msg timestamp="20220523 15:35:04.416" level="INFO">Clicking element '//a[contains(text(),'Todo')]'.</msg>
<status status="PASS" starttime="20220523 15:35:04.416" endtime="20220523 15:35:04.473"/>
</kw>
<kw name="Sleep" library="BuiltIn">
<arg>1s</arg>
<doc>Pauses the test executed for the given time.</doc>
<msg timestamp="20220523 15:35:05.474" level="INFO">Slept 1 second</msg>
<status status="PASS" starttime="20220523 15:35:04.473" endtime="20220523 15:35:05.474"/>
</kw>
<status status="PASS" starttime="20220523 15:35:04.415" endtime="20220523 15:35:05.474"/>
</kw>
<status status="PASS" starttime="20220523 15:34:59.150" endtime="20220523 15:35:05.474"/>
</test>
<test id="s1-t2" name="011 Sprawdzanie funkcjonalności Todo-dodanie nowego wpisu do listy Todo" line="20">
<kw name="Name" library="FakerLibrary">
<var>${entry}</var>
<doc>:example 'John Doe'</doc>
<msg timestamp="20220523 15:35:05.479" level="INFO">${entry} = Patricia Smith</msg>
<status status="PASS" starttime="20220523 15:35:05.478" endtime="20220523 15:35:05.479"/>
</kw>
<kw name="Set Suite Variable" library="BuiltIn">
<arg>${entry}</arg>
<doc>Makes a variable available everywhere within the scope of the current suite.</doc>
<msg timestamp="20220523 15:35:05.481" level="INFO">${entry} = Patricia Smith</msg>
<status status="PASS" starttime="20220523 15:35:05.480" endtime="20220523 15:35:05.481"/>
</kw>
<kw name="Opening Browser" library="Common">
<arg>${APP_URL}</arg>
<arg>${BROWSER}</arg>
<kw name="Open Browser" library="SeleniumLibrary">
<arg>${site_url}</arg>
<arg>${browser}</arg>
<doc>Opens a new browser instance to the optional ``url``.</doc>
<msg timestamp="20220523 15:35:05.484" level="INFO">Opening browser 'Chrome' to base url 'http://localhost/'.</msg>
<status status="PASS" starttime="20220523 15:35:05.483" endtime="20220523 15:35:08.119"/>
</kw>
<kw name="Wait Until Element Is Visible" library="SeleniumLibrary">
<arg>${SingUpButton}</arg>
<arg>timeout=5</arg>
<doc>Waits until the element ``locator`` is visible.</doc>
<status status="PASS" starttime="20220523 15:35:08.120" endtime="20220523 15:35:08.163"/>
</kw>
<kw name="Title Should Be" library="SeleniumLibrary">
<arg>Home | Frontend</arg>
<doc>Verifies that the current page title equals ``title``.</doc>
<msg timestamp="20220523 15:35:08.171" level="INFO">Page title is 'Home | Frontend'.</msg>
<status status="PASS" starttime="20220523 15:35:08.163" endtime="20220523 15:35:08.171"/>
</kw>
<status status="PASS" starttime="20220523 15:35:05.481" endtime="20220523 15:35:08.171"/>
</kw>
<kw name="Go to login page" library="Common">
<kw name="Click Element" library="SeleniumLibrary">
<arg>${LoginButton}</arg>
<doc>Click the element identified by ``locator``.</doc>
<msg timestamp="20220523 15:35:08.173" level="INFO">Clicking element '//a[contains(text(),'Login')]'.</msg>
<status status="PASS" starttime="20220523 15:35:08.172" endtime="20220523 15:35:08.230"/>
</kw>
<kw name="Sleep" library="BuiltIn">
<arg>1s</arg>
<doc>Pauses the test executed for the given time.</doc>
<msg timestamp="20220523 15:35:09.231" level="INFO">Slept 1 second</msg>
<status status="PASS" starttime="20220523 15:35:08.230" endtime="20220523 15:35:09.232"/>
</kw>
<status status="PASS" starttime="20220523 15:35:08.172" endtime="20220523 15:35:09.232"/>
</kw>
<kw name="Input Username" library="LoginPage">
<kw name="Input Text" library="SeleniumLibrary">
<arg>${LoginUsernameInput}</arg>
<arg>${USERNAME}</arg>
<doc>Types the given ``text`` into the text field identified by ``locator``.</doc>
<msg timestamp="20220523 15:35:09.234" level="INFO">Typing text 'ingusek' into text field 'input-username'.</msg>
<status status="PASS" starttime="20220523 15:35:09.233" endtime="20220523 15:35:09.393"/>
</kw>
<status status="PASS" starttime="20220523 15:35:09.233" endtime="20220523 15:35:09.394"/>
</kw>
<kw name="Input Password" library="LoginPage">
<kw name="Input Text" library="SeleniumLibrary">
<arg>${LoginPasswordInput}</arg>
<arg>${PASSWORD}</arg>
<doc>Types the given ``text`` into the text field identified by ``locator``.</doc>
<msg timestamp="20220523 15:35:09.395" level="INFO">Typing text 'test1234' into text field 'input-password'.</msg>
<status status="PASS" starttime="20220523 15:35:09.395" endtime="20220523 15:35:09.542"/>
</kw>
<status status="PASS" starttime="20220523 15:35:09.394" endtime="20220523 15:35:09.543"/>
</kw>
<kw name="Login button" library="LoginPage">
<kw name="Click Element" library="SeleniumLibrary">
<arg>${SubmitLoginButton}</arg>
<doc>Click the element identified by ``locator``.</doc>
<msg timestamp="20220523 15:35:09.544" level="INFO">Clicking element '//button[@type="submit"]'.</msg>
<status status="PASS" starttime="20220523 15:35:09.544" endtime="20220523 15:35:09.606"/>
</kw>
<kw name="Sleep" library="BuiltIn">
<arg>1s</arg>
<doc>Pauses the test executed for the given time.</doc>
<msg timestamp="20220523 15:35:10.607" level="INFO">Slept 1 second</msg>
<status status="PASS" starttime="20220523 15:35:09.606" endtime="20220523 15:35:10.607"/>
</kw>
<status status="PASS" starttime="20220523 15:35:09.543" endtime="20220523 15:35:10.607"/>
</kw>
<kw name="Assert Login" library="LoginPage">
<kw name="Get Text" library="SeleniumLibrary">
<var>${welcome}</var>
<arg>${GoToAccountPageButton}</arg>
<doc>Returns the text value of the element identified by ``locator``.</doc>
<msg timestamp="20220523 15:35:10.645" level="INFO">${welcome} = Welcome, Jan</msg>
<status status="PASS" starttime="20220523 15:35:10.609" endtime="20220523 15:35:10.645"/>
</kw>
<kw name="Should Be Equal" library="BuiltIn">
<arg>${welcome}</arg>
<arg>Welcome, Jan</arg>
<doc>Fails if the given objects are unequal.</doc>
<status status="PASS" starttime="20220523 15:35:10.645" endtime="20220523 15:35:10.645"/>
</kw>
<status status="PASS" starttime="20220523 15:35:10.608" endtime="20220523 15:35:10.645"/>
</kw>
<kw name="Open page Todo" library="TodoPage">
<kw name="Click Element" library="SeleniumLibrary">
<arg>${OpenPageTodoMenu}</arg>
<doc>Click the element identified by ``locator``.</doc>
<msg timestamp="20220523 15:35:10.646" level="INFO">Clicking element '//a[contains(text(),'Todo')]'.</msg>
<status status="PASS" starttime="20220523 15:35:10.646" endtime="20220523 15:35:10.692"/>
</kw>
<kw name="Sleep" library="BuiltIn">
<arg>1s</arg>
<doc>Pauses the test executed for the given time.</doc>
<msg timestamp="20220523 15:35:11.692" level="INFO">Slept 1 second</msg>
<status status="PASS" starttime="20220523 15:35:10.692" endtime="20220523 15:35:11.692"/>
</kw>
<status status="PASS" starttime="20220523 15:35:10.645" endtime="20220523 15:35:11.693"/>
</kw>
<kw name="Add a new entry to the list Todo" library="TodoPage">
<kw name="Input Text" library="SeleniumLibrary">
<arg>${TodoAddItemInput}</arg>
<arg>${entry}</arg>
<doc>Types the given ``text`` into the text field identified by ``locator``.</doc>
<msg timestamp="20220523 15:35:11.698" level="INFO">Typing text 'Patricia Smith' into text field 'input-name'.</msg>
<status status="PASS" starttime="20220523 15:35:11.696" endtime="20220523 15:35:11.839"/>
</kw>
<kw name="Click Element" library="SeleniumLibrary">
<arg>${ButtonAddTodo}</arg>
<doc>Click the element identified by ``locator``.</doc>
<msg timestamp="20220523 15:35:11.840" level="INFO">Clicking element '//button[contains(text(),'Add')]'.</msg>
<status status="PASS" starttime="20220523 15:35:11.839" endtime="20220523 15:35:12.019"/>
</kw>
<kw name="Sleep" library="BuiltIn">
<arg>1s</arg>
<doc>Pauses the test executed for the given time.</doc>
<msg timestamp="20220523 15:35:13.020" level="INFO">Slept 1 second</msg>
<status status="PASS" starttime="20220523 15:35:12.019" endtime="20220523 15:35:13.021"/>
</kw>
<status status="PASS" starttime="20220523 15:35:11.694" endtime="20220523 15:35:13.021"/>
</kw>
<status status="PASS" starttime="20220523 15:35:05.476" endtime="20220523 15:35:13.022"/>
</test>
<test id="s1-t3" name="012 Sprawdzanie funkcjonalności Todo-usunięcie pozycji z listy Pending" line="32">
<kw name="Name" library="FakerLibrary">
<var>${entry}</var>
<doc>:example 'John Doe'</doc>
<msg timestamp="20220523 15:35:13.026" level="INFO">${entry} = Joseph Sheppard DVM</msg>
<status status="PASS" starttime="20220523 15:35:13.025" endtime="20220523 15:35:13.026"/>
</kw>
<kw name="Set Suite Variable" library="BuiltIn">
<arg>${entry}</arg>
<doc>Makes a variable available everywhere within the scope of the current suite.</doc>
<msg timestamp="20220523 15:35:13.028" level="INFO">${entry} = Joseph Sheppard DVM</msg>
<status status="PASS" starttime="20220523 15:35:13.027" endtime="20220523 15:35:13.028"/>
</kw>
<kw name="Opening Browser" library="Common">
<arg>${APP_URL}</arg>
<arg>${BROWSER}</arg>
<kw name="Open Browser" library="SeleniumLibrary">
<arg>${site_url}</arg>
<arg>${browser}</arg>
<doc>Opens a new browser instance to the optional ``url``.</doc>
<msg timestamp="20220523 15:35:13.030" level="INFO">Opening browser 'Chrome' to base url 'http://localhost/'.</msg>
<status status="PASS" starttime="20220523 15:35:13.029" endtime="20220523 15:35:15.884"/>
</kw>
<kw name="Wait Until Element Is Visible" library="SeleniumLibrary">
<arg>${SingUpButton}</arg>
<arg>timeout=5</arg>
<doc>Waits until the element ``locator`` is visible.</doc>
<status status="PASS" starttime="20220523 15:35:15.885" endtime="20220523 15:35:15.934"/>
</kw>
<kw name="Title Should Be" library="SeleniumLibrary">
<arg>Home | Frontend</arg>
<doc>Verifies that the current page title equals ``title``.</doc>
<msg timestamp="20220523 15:35:15.942" level="INFO">Page title is 'Home | Frontend'.</msg>
<status status="PASS" starttime="20220523 15:35:15.935" endtime="20220523 15:35:15.943"/>
</kw>
<status status="PASS" starttime="20220523 15:35:13.028" endtime="20220523 15:35:15.943"/>
</kw>
<kw name="Go to login page" library="Common">
<kw name="Click Element" library="SeleniumLibrary">
<arg>${LoginButton}</arg>
<doc>Click the element identified by ``locator``.</doc>
<msg timestamp="20220523 15:35:15.945" level="INFO">Clicking element '//a[contains(text(),'Login')]'.</msg>
<status status="PASS" starttime="20220523 15:35:15.944" endtime="20220523 15:35:16.003"/>
</kw>
<kw name="Sleep" library="BuiltIn">
<arg>1s</arg>
<doc>Pauses the test executed for the given time.</doc>
<msg timestamp="20220523 15:35:17.003" level="INFO">Slept 1 second</msg>
<status status="PASS" starttime="20220523 15:35:16.003" endtime="20220523 15:35:17.004"/>
</kw>
<status status="PASS" starttime="20220523 15:35:15.944" endtime="20220523 15:35:17.004"/>
</kw>
<kw name="Input Username" library="LoginPage">
<kw name="Input Text" library="SeleniumLibrary">
<arg>${LoginUsernameInput}</arg>
<arg>${USERNAME}</arg>
<doc>Types the given ``text`` into the text field identified by ``locator``.</doc>
<msg timestamp="20220523 15:35:17.006" level="INFO">Typing text 'ingusek' into text field 'input-username'.</msg>
<status status="PASS" starttime="20220523 15:35:17.005" endtime="20220523 15:35:17.157"/>
</kw>
<status status="PASS" starttime="20220523 15:35:17.004" endtime="20220523 15:35:17.158"/>
</kw>
<kw name="Input Password" library="LoginPage">
<kw name="Input Text" library="SeleniumLibrary">
<arg>${LoginPasswordInput}</arg>
<arg>${PASSWORD}</arg>
<doc>Types the given ``text`` into the text field identified by ``locator``.</doc>
<msg timestamp="20220523 15:35:17.159" level="INFO">Typing text 'test1234' into text field 'input-password'.</msg>
<status status="PASS" starttime="20220523 15:35:17.158" endtime="20220523 15:35:17.306"/>
</kw>
<status status="PASS" starttime="20220523 15:35:17.158" endtime="20220523 15:35:17.306"/>
</kw>
<kw name="Login button" library="LoginPage">
<kw name="Click Element" library="SeleniumLibrary">
<arg>${SubmitLoginButton}</arg>
<doc>Click the element identified by ``locator``.</doc>
<msg timestamp="20220523 15:35:17.308" level="INFO">Clicking element '//button[@type="submit"]'.</msg>
<status status="PASS" starttime="20220523 15:35:17.307" endtime="20220523 15:35:17.382"/>
</kw>
<kw name="Sleep" library="BuiltIn">
<arg>1s</arg>
<doc>Pauses the test executed for the given time.</doc>
<msg timestamp="20220523 15:35:18.383" level="INFO">Slept 1 second</msg>
<status status="PASS" starttime="20220523 15:35:17.382" endtime="20220523 15:35:18.383"/>
</kw>
<status status="PASS" starttime="20220523 15:35:17.306" endtime="20220523 15:35:18.384"/>
</kw>
<kw name="Assert Login" library="LoginPage">
<kw name="Get Text" library="SeleniumLibrary">
<var>${welcome}</var>
<arg>${GoToAccountPageButton}</arg>
<doc>Returns the text value of the element identified by ``locator``.</doc>
<msg timestamp="20220523 15:35:18.422" level="INFO">${welcome} = Welcome, Jan</msg>
<status status="PASS" starttime="20220523 15:35:18.385" endtime="20220523 15:35:18.422"/>
</kw>
<kw name="Should Be Equal" library="BuiltIn">
<arg>${welcome}</arg>
<arg>Welcome, Jan</arg>
<doc>Fails if the given objects are unequal.</doc>
<status status="PASS" starttime="20220523 15:35:18.422" endtime="20220523 15:35:18.423"/>
</kw>
<status status="PASS" starttime="20220523 15:35:18.384" endtime="20220523 15:35:18.423"/>
</kw>
<kw name="Open page Todo" library="TodoPage">
<kw name="Click Element" library="SeleniumLibrary">
<arg>${OpenPageTodoMenu}</arg>
<doc>Click the element identified by ``locator``.</doc>
<msg timestamp="20220523 15:35:18.425" level="INFO">Clicking element '//a[contains(text(),'Todo')]'.</msg>
<status status="PASS" starttime="20220523 15:35:18.424" endtime="20220523 15:35:18.473"/>
</kw>
<kw name="Sleep" library="BuiltIn">
<arg>1s</arg>
<doc>Pauses the test executed for the given time.</doc>
<msg timestamp="20220523 15:35:19.474" level="INFO">Slept 1 second</msg>
<status status="PASS" starttime="20220523 15:35:18.473" endtime="20220523 15:35:19.474"/>
</kw>
<status status="PASS" starttime="20220523 15:35:18.424" endtime="20220523 15:35:19.474"/>
</kw>
<kw name="Add a new entry to the list Todo" library="TodoPage">
<kw name="Input Text" library="SeleniumLibrary">
<arg>${TodoAddItemInput}</arg>
<arg>${entry}</arg>
<doc>Types the given ``text`` into the text field identified by ``locator``.</doc>
<msg timestamp="20220523 15:35:19.477" level="INFO">Typing text 'Joseph Sheppard DVM' into text field 'input-name'.</msg>
<status status="PASS" starttime="20220523 15:35:19.476" endtime="20220523 15:35:19.613"/>
</kw>
<kw name="Click Element" library="SeleniumLibrary">
<arg>${ButtonAddTodo}</arg>
<doc>Click the element identified by ``locator``.</doc>
<msg timestamp="20220523 15:35:19.613" level="INFO">Clicking element '//button[contains(text(),'Add')]'.</msg>
<status status="PASS" starttime="20220523 15:35:19.613" endtime="20220523 15:35:19.779"/>
</kw>
<kw name="Sleep" library="BuiltIn">
<arg>1s</arg>
<doc>Pauses the test executed for the given time.</doc>
<msg timestamp="20220523 15:35:20.780" level="INFO">Slept 1 second</msg>
<status status="PASS" starttime="20220523 15:35:19.779" endtime="20220523 15:35:20.780"/>
</kw>
<status status="PASS" starttime="20220523 15:35:19.475" endtime="20220523 15:35:20.781"/>
</kw>
<kw name="Remove item from list Pending" library="TodoPage">
<kw name="Click Element" library="SeleniumLibrary">
<arg>${RemovePendingItemButton}</arg>
<doc>Click the element identified by ``locator``.</doc>
<msg timestamp="20220523 15:35:20.782" level="INFO">Clicking element '//div[@data-name="todo-pending-list-0"]//button'.</msg>
<status status="PASS" starttime="20220523 15:35:20.782" endtime="20220523 15:35:20.922"/>
</kw>
<kw name="Sleep" library="BuiltIn">
<arg>1s</arg>
<doc>Pauses the test executed for the given time.</doc>
<msg timestamp="20220523 15:35:21.923" level="INFO">Slept 1 second</msg>
<status status="PASS" starttime="20220523 15:35:20.922" endtime="20220523 15:35:21.923"/>
</kw>
<status status="PASS" starttime="20220523 15:35:20.781" endtime="20220523 15:35:21.924"/>
</kw>
<kw name="Assert removing item from list Pending" library="TodoPage">
<kw name="Page Should Not Contain Element" library="SeleniumLibrary">
<arg>${RemoveAssertPendingItemButton}</arg>
<doc>Verifies that element ``locator`` is not found on the current page.</doc>
<msg timestamp="20220523 15:35:21.945" level="INFO">Current page does not contain element '//div[@data-name="todo-pending-name-0"]//span[contains(text(),"${entry}")]'.</msg>
<status status="PASS" starttime="20220523 15:35:21.925" endtime="20220523 15:35:21.945"/>
</kw>
<status status="PASS" starttime="20220523 15:35:21.924" endtime="20220523 15:35:21.946"/>
</kw>
<status status="PASS" starttime="20220523 15:35:13.023" endtime="20220523 15:35:21.946"/>
</test>
<test id="s1-t4" name="013 Przeniesienie wpisu z listy pending do ongoing" line="46">
<kw name="Name" library="FakerLibrary">
<var>${entry}</var>
<doc>:example 'John Doe'</doc>
<msg timestamp="20220523 15:35:21.947" level="INFO">${entry} = Paige Alexander</msg>
<status status="PASS" starttime="20220523 15:35:21.947" endtime="20220523 15:35:21.947"/>
</kw>
<kw name="Set Suite Variable" library="BuiltIn">
<arg>${entry}</arg>
<doc>Makes a variable available everywhere within the scope of the current suite.</doc>
<msg timestamp="20220523 15:35:21.948" level="INFO">${entry} = Paige Alexander</msg>
<status status="PASS" starttime="20220523 15:35:21.948" endtime="20220523 15:35:21.948"/>
</kw>
<kw name="Opening Browser" library="Common">
<arg>${APP_URL}</arg>
<arg>${BROWSER}</arg>
<kw name="Open Browser" library="SeleniumLibrary">
<arg>${site_url}</arg>
<arg>${browser}</arg>
<doc>Opens a new browser instance to the optional ``url``.</doc>
<msg timestamp="20220523 15:35:21.950" level="INFO">Opening browser 'Chrome' to base url 'http://localhost/'.</msg>
<status status="PASS" starttime="20220523 15:35:21.949" endtime="20220523 15:35:24.896"/>
</kw>
<kw name="Wait Until Element Is Visible" library="SeleniumLibrary">
<arg>${SingUpButton}</arg>
<arg>timeout=5</arg>
<doc>Waits until the element ``locator`` is visible.</doc>
<status status="PASS" starttime="20220523 15:35:24.897" endtime="20220523 15:35:24.950"/>
</kw>
<kw name="Title Should Be" library="SeleniumLibrary">
<arg>Home | Frontend</arg>
<doc>Verifies that the current page title equals ``title``.</doc>
<msg timestamp="20220523 15:35:24.960" level="INFO">Page title is 'Home | Frontend'.</msg>
<status status="PASS" starttime="20220523 15:35:24.951" endtime="20220523 15:35:24.960"/>
</kw>
<status status="PASS" starttime="20220523 15:35:21.948" endtime="20220523 15:35:24.960"/>
</kw>
<kw name="Go to login page" library="Common">
<kw name="Click Element" library="SeleniumLibrary">
<arg>${LoginButton}</arg>
<doc>Click the element identified by ``locator``.</doc>
<msg timestamp="20220523 15:35:24.962" level="INFO">Clicking element '//a[contains(text(),'Login')]'.</msg>
<status status="PASS" starttime="20220523 15:35:24.961" endtime="20220523 15:35:25.029"/>
</kw>
<kw name="Sleep" library="BuiltIn">
<arg>1s</arg>
<doc>Pauses the test executed for the given time.</doc>
<msg timestamp="20220523 15:35:26.030" level="INFO">Slept 1 second</msg>
<status status="PASS" starttime="20220523 15:35:25.029" endtime="20220523 15:35:26.030"/>
</kw>
<status status="PASS" starttime="20220523 15:35:24.961" endtime="20220523 15:35:26.030"/>
</kw>
<kw name="Input Username" library="LoginPage">
<kw name="Input Text" library="SeleniumLibrary">
<arg>${LoginUsernameInput}</arg>
<arg>${USERNAME}</arg>
<doc>Types the given ``text`` into the text field identified by ``locator``.</doc>
<msg timestamp="20220523 15:35:26.032" level="INFO">Typing text 'ingusek' into text field 'input-username'.</msg>
<status status="PASS" starttime="20220523 15:35:26.031" endtime="20220523 15:35:26.174"/>
</kw>
<status status="PASS" starttime="20220523 15:35:26.030" endtime="20220523 15:35:26.174"/>
</kw>
<kw name="Input Password" library="LoginPage">
<kw name="Input Text" library="SeleniumLibrary">
<arg>${LoginPasswordInput}</arg>
<arg>${PASSWORD}</arg>
<doc>Types the given ``text`` into the text field identified by ``locator``.</doc>
<msg timestamp="20220523 15:35:26.175" level="INFO">Typing text 'test1234' into text field 'input-password'.</msg>
<status status="PASS" starttime="20220523 15:35:26.175" endtime="20220523 15:35:26.319"/>
</kw>
<status status="PASS" starttime="20220523 15:35:26.174" endtime="20220523 15:35:26.319"/>
</kw>
<kw name="Login button" library="LoginPage">
<kw name="Click Element" library="SeleniumLibrary">
<arg>${SubmitLoginButton}</arg>
<doc>Click the element identified by ``locator``.</doc>
<msg timestamp="20220523 15:35:26.321" level="INFO">Clicking element '//button[@type="submit"]'.</msg>
<status status="PASS" starttime="20220523 15:35:26.320" endtime="20220523 15:35:26.390"/>
</kw>
<kw name="Sleep" library="BuiltIn">
<arg>1s</arg>
<doc>Pauses the test executed for the given time.</doc>
<msg timestamp="20220523 15:35:27.391" level="INFO">Slept 1 second</msg>
<status status="PASS" starttime="20220523 15:35:26.390" endtime="20220523 15:35:27.391"/>
</kw>
<status status="PASS" starttime="20220523 15:35:26.319" endtime="20220523 15:35:27.392"/>
</kw>
<kw name="Assert Login" library="LoginPage">
<kw name="Get Text" library="SeleniumLibrary">
<var>${welcome}</var>
<arg>${GoToAccountPageButton}</arg>
<doc>Returns the text value of the element identified by ``locator``.</doc>
<msg timestamp="20220523 15:35:27.431" level="INFO">${welcome} = Welcome, Jan</msg>
<status status="PASS" starttime="20220523 15:35:27.392" endtime="20220523 15:35:27.431"/>
</kw>
<kw name="Should Be Equal" library="BuiltIn">
<arg>${welcome}</arg>
<arg>Welcome, Jan</arg>
<doc>Fails if the given objects are unequal.</doc>
<status status="PASS" starttime="20220523 15:35:27.431" endtime="20220523 15:35:27.431"/>
</kw>
<status status="PASS" starttime="20220523 15:35:27.392" endtime="20220523 15:35:27.431"/>
</kw>
<kw name="Open page Todo" library="TodoPage">
<kw name="Click Element" library="SeleniumLibrary">
<arg>${OpenPageTodoMenu}</arg>
<doc>Click the element identified by ``locator``.</doc>
<msg timestamp="20220523 15:35:27.432" level="INFO">Clicking element '//a[contains(text(),'Todo')]'.</msg>
<status status="PASS" starttime="20220523 15:35:27.432" endtime="20220523 15:35:27.487"/>
</kw>
<kw name="Sleep" library="BuiltIn">
<arg>1s</arg>
<doc>Pauses the test executed for the given time.</doc>
<msg timestamp="20220523 15:35:28.488" level="INFO">Slept 1 second</msg>
<status status="PASS" starttime="20220523 15:35:27.487" endtime="20220523 15:35:28.488"/>
</kw>
<status status="PASS" starttime="20220523 15:35:27.431" endtime="20220523 15:35:28.488"/>
</kw>
<kw name="Add a new entry to the list Todo" library="TodoPage">
<kw name="Input Text" library="SeleniumLibrary">
<arg>${TodoAddItemInput}</arg>
<arg>${entry}</arg>
<doc>Types the given ``text`` into the text field identified by ``locator``.</doc>
<msg timestamp="20220523 15:35:28.490" level="INFO">Typing text 'Paige Alexander' into text field 'input-name'.</msg>
<status status="PASS" starttime="20220523 15:35:28.489" endtime="20220523 15:35:28.618"/>
</kw>
<kw name="Click Element" library="SeleniumLibrary">
<arg>${ButtonAddTodo}</arg>
<doc>Click the element identified by ``locator``.</doc>
<msg timestamp="20220523 15:35:28.619" level="INFO">Clicking element '//button[contains(text(),'Add')]'.</msg>
<status status="PASS" starttime="20220523 15:35:28.619" endtime="20220523 15:35:28.785"/>
</kw>
<kw name="Sleep" library="BuiltIn">
<arg>1s</arg>
<doc>Pauses the test executed for the given time.</doc>
<msg timestamp="20220523 15:35:29.786" level="INFO">Slept 1 second</msg>
<status status="PASS" starttime="20220523 15:35:28.785" endtime="20220523 15:35:29.786"/>
</kw>
<status status="PASS" starttime="20220523 15:35:28.489" endtime="20220523 15:35:29.786"/>
</kw>
<kw name="Move entry from pending to ongoing" library="TodoPage">
<kw name="Click Element" library="SeleniumLibrary">
<arg>${MoveItemToOngiongButton('${entry}')}</arg>
<doc>Click the element identified by ``locator``.</doc>
<msg timestamp="20220523 15:35:29.789" level="INFO">Clicking element '//div[@class="card-deck"]//div[@class="card mb-3"][1]//div[@class="todo-list-group"]/div//span[text()="Paige Alexander"]/../../button[2]'.</msg>
<status status="PASS" starttime="20220523 15:35:29.787" endtime="20220523 15:35:29.938"/>
</kw>
<kw name="Sleep" library="BuiltIn">
<arg>1s</arg>
<doc>Pauses the test executed for the given time.</doc>
<msg timestamp="20220523 15:35:30.939" level="INFO">Slept 1 second</msg>
<status status="PASS" starttime="20220523 15:35:29.939" endtime="20220523 15:35:30.940"/>
</kw>
<status status="PASS" starttime="20220523 15:35:29.786" endtime="20220523 15:35:30.940"/>
</kw>
<kw name="Assert move item to the list of ongoing" library="TodoPage">
<kw name="Get Element Count" library="SeleniumLibrary">
<var>${count}</var>
<arg>${FindItemsInTheListOngoing('${entry}')}</arg>
<doc>Returns the number of elements matching ``locator``.</doc>
<msg timestamp="20220523 15:35:30.966" level="INFO">${count} = 1</msg>
<status status="PASS" starttime="20220523 15:35:30.941" endtime="20220523 15:35:30.966"/>
</kw>
<kw name="Should Be True" library="BuiltIn">
<arg>${count} == 1</arg>
<doc>Fails if the given condition is not true.</doc>
<status status="PASS" starttime="20220523 15:35:30.967" endtime="20220523 15:35:30.967"/>
</kw>
<status status="PASS" starttime="20220523 15:35:30.940" endtime="20220523 15:35:30.967"/>
</kw>
<status status="PASS" starttime="20220523 15:35:21.946" endtime="20220523 15:35:30.967"/>
</test>
<test id="s1-t5" name="014 Przeniesienie wpisu z listy ongoing do completed" line="60">
<kw name="Name" library="FakerLibrary">
<var>${entry}</var>
<doc>:example 'John Doe'</doc>
<msg timestamp="20220523 15:35:30.969" level="INFO">${entry} = Melissa Camacho</msg>
<status status="PASS" starttime="20220523 15:35:30.969" endtime="20220523 15:35:30.969"/>
</kw>
<kw name="Set Suite Variable" library="BuiltIn">
<arg>${entry}</arg>
<doc>Makes a variable available everywhere within the scope of the current suite.</doc>
<msg timestamp="20220523 15:35:30.970" level="INFO">${entry} = Melissa Camacho</msg>
<status status="PASS" starttime="20220523 15:35:30.970" endtime="20220523 15:35:30.970"/>
</kw>
<kw name="Opening Browser" library="Common">
<arg>${APP_URL}</arg>
<arg>${BROWSER}</arg>
<kw name="Open Browser" library="SeleniumLibrary">
<arg>${site_url}</arg>
<arg>${browser}</arg>
<doc>Opens a new browser instance to the optional ``url``.</doc>
<msg timestamp="20220523 15:35:30.971" level="INFO">Opening browser 'Chrome' to base url 'http://localhost/'.</msg>
<status status="PASS" starttime="20220523 15:35:30.971" endtime="20220523 15:35:33.607"/>
</kw>
<kw name="Wait Until Element Is Visible" library="SeleniumLibrary">
<arg>${SingUpButton}</arg>
<arg>timeout=5</arg>
<doc>Waits until the element ``locator`` is visible.</doc>
<status status="PASS" starttime="20220523 15:35:33.607" endtime="20220523 15:35:33.655"/>
</kw>
<kw name="Title Should Be" library="SeleniumLibrary">
<arg>Home | Frontend</arg>
<doc>Verifies that the current page title equals ``title``.</doc>
<msg timestamp="20220523 15:35:33.664" level="INFO">Page title is 'Home | Frontend'.</msg>
<status status="PASS" starttime="20220523 15:35:33.655" endtime="20220523 15:35:33.664"/>
</kw>
<status status="PASS" starttime="20220523 15:35:30.970" endtime="20220523 15:35:33.664"/>
</kw>
<kw name="Go to login page" library="Common">
<kw name="Click Element" library="SeleniumLibrary">
<arg>${LoginButton}</arg>
<doc>Click the element identified by ``locator``.</doc>
<msg timestamp="20220523 15:35:33.666" level="INFO">Clicking element '//a[contains(text(),'Login')]'.</msg>
<status status="PASS" starttime="20220523 15:35:33.665" endtime="20220523 15:35:33.723"/>
</kw>
<kw name="Sleep" library="BuiltIn">
<arg>1s</arg>
<doc>Pauses the test executed for the given time.</doc>
<msg timestamp="20220523 15:35:34.724" level="INFO">Slept 1 second</msg>
<status status="PASS" starttime="20220523 15:35:33.724" endtime="20220523 15:35:34.724"/>
</kw>
<status status="PASS" starttime="20220523 15:35:33.664" endtime="20220523 15:35:34.725"/>
</kw>
<kw name="Input Username" library="LoginPage">
<kw name="Input Text" library="SeleniumLibrary">
<arg>${LoginUsernameInput}</arg>
<arg>${USERNAME}</arg>
<doc>Types the given ``text`` into the text field identified by ``locator``.</doc>
<msg timestamp="20220523 15:35:34.727" level="INFO">Typing text 'ingusek' into text field 'input-username'.</msg>
<status status="PASS" starttime="20220523 15:35:34.726" endtime="20220523 15:35:34.881"/>
</kw>
<status status="PASS" starttime="20220523 15:35:34.725" endtime="20220523 15:35:34.881"/>
</kw>
<kw name="Input Password" library="LoginPage">
<kw name="Input Text" library="SeleniumLibrary">
<arg>${LoginPasswordInput}</arg>
<arg>${PASSWORD}</arg>
<doc>Types the given ``text`` into the text field identified by ``locator``.</doc>
<msg timestamp="20220523 15:35:34.882" level="INFO">Typing text 'test1234' into text field 'input-password'.</msg>
<status status="PASS" starttime="20220523 15:35:34.882" endtime="20220523 15:35:35.033"/>
</kw>
<status status="PASS" starttime="20220523 15:35:34.881" endtime="20220523 15:35:35.033"/>
</kw>
<kw name="Login button" library="LoginPage">
<kw name="Click Element" library="SeleniumLibrary">
<arg>${SubmitLoginButton}</arg>
<doc>Click the element identified by ``locator``.</doc>
<msg timestamp="20220523 15:35:35.034" level="INFO">Clicking element '//button[@type="submit"]'.</msg>
<status status="PASS" starttime="20220523 15:35:35.034" endtime="20220523 15:35:35.108"/>
</kw>
<kw name="Sleep" library="BuiltIn">
<arg>1s</arg>
<doc>Pauses the test executed for the given time.</doc>
<msg timestamp="20220523 15:35:36.109" level="INFO">Slept 1 second</msg>
<status status="PASS" starttime="20220523 15:35:35.109" endtime="20220523 15:35:36.109"/>
</kw>
<status status="PASS" starttime="20220523 15:35:35.033" endtime="20220523 15:35:36.110"/>
</kw>
<kw name="Assert Login" library="LoginPage">
<kw name="Get Text" library="SeleniumLibrary">
<var>${welcome}</var>
<arg>${GoToAccountPageButton}</arg>
<doc>Returns the text value of the element identified by ``locator``.</doc>
<msg timestamp="20220523 15:35:36.150" level="INFO">${welcome} = Welcome, Jan</msg>
<status status="PASS" starttime="20220523 15:35:36.111" endtime="20220523 15:35:36.150"/>
</kw>
<kw name="Should Be Equal" library="BuiltIn">
<arg>${welcome}</arg>
<arg>Welcome, Jan</arg>
<doc>Fails if the given objects are unequal.</doc>
<status status="PASS" starttime="20220523 15:35:36.150" endtime="20220523 15:35:36.150"/>
</kw>
<status status="PASS" starttime="20220523 15:35:36.110" endtime="20220523 15:35:36.151"/>
</kw>
<kw name="Open page Todo" library="TodoPage">
<kw name="Click Element" library="SeleniumLibrary">
<arg>${OpenPageTodoMenu}</arg>
<doc>Click the element identified by ``locator``.</doc>
<msg timestamp="20220523 15:35:36.151" level="INFO">Clicking element '//a[contains(text(),'Todo')]'.</msg>
<status status="PASS" starttime="20220523 15:35:36.151" endtime="20220523 15:35:36.203"/>
</kw>
<kw name="Sleep" library="BuiltIn">
<arg>1s</arg>
<doc>Pauses the test executed for the given time.</doc>
<msg timestamp="20220523 15:35:37.204" level="INFO">Slept 1 second</msg>
<status status="PASS" starttime="20220523 15:35:36.203" endtime="20220523 15:35:37.204"/>
</kw>
<status status="PASS" starttime="20220523 15:35:36.151" endtime="20220523 15:35:37.204"/>
</kw>
<kw name="Add a new entry to the list Todo" library="TodoPage">
<kw name="Input Text" library="SeleniumLibrary">
<arg>${TodoAddItemInput}</arg>
<arg>${entry}</arg>
<doc>Types the given ``text`` into the text field identified by ``locator``.</doc>
<msg timestamp="20220523 15:35:37.206" level="INFO">Typing text 'Melissa Camacho' into text field 'input-name'.</msg>
<status status="PASS" starttime="20220523 15:35:37.205" endtime="20220523 15:35:37.333"/>
</kw>
<kw name="Click Element" library="SeleniumLibrary">
<arg>${ButtonAddTodo}</arg>
<doc>Click the element identified by ``locator``.</doc>
<msg timestamp="20220523 15:35:37.334" level="INFO">Clicking element '//button[contains(text(),'Add')]'.</msg>
<status status="PASS" starttime="20220523 15:35:37.334" endtime="20220523 15:35:37.473"/>
</kw>
<kw name="Sleep" library="BuiltIn">
<arg>1s</arg>
<doc>Pauses the test executed for the given time.</doc>
<msg timestamp="20220523 15:35:38.474" level="INFO">Slept 1 second</msg>
<status status="PASS" starttime="20220523 15:35:37.474" endtime="20220523 15:35:38.475"/>
</kw>
<status status="PASS" starttime="20220523 15:35:37.205" endtime="20220523 15:35:38.475"/>
</kw>
<kw name="Move entry from pending to ongoing" library="TodoPage">
<kw name="Click Element" library="SeleniumLibrary">
<arg>${MoveItemToOngiongButton('${entry}')}</arg>
<doc>Click the element identified by ``locator``.</doc>
<msg timestamp="20220523 15:35:38.478" level="INFO">Clicking element '//div[@class="card-deck"]//div[@class="card mb-3"][1]//div[@class="todo-list-group"]/div//span[text()="Melissa Camacho"]/../../button[2]'.</msg>
<status status="PASS" starttime="20220523 15:35:38.476" endtime="20220523 15:35:38.628"/>
</kw>
<kw name="Sleep" library="BuiltIn">
<arg>1s</arg>
<doc>Pauses the test executed for the given time.</doc>
<msg timestamp="20220523 15:35:39.630" level="INFO">Slept 1 second</msg>
<status status="PASS" starttime="20220523 15:35:38.628" endtime="20220523 15:35:39.630"/>
</kw>
<status status="PASS" starttime="20220523 15:35:38.476" endtime="20220523 15:35:39.630"/>
</kw>
<kw name="Move entry from ongiong to completed" library="TodoPage">
<kw name="Click Element" library="SeleniumLibrary">
<arg>${MoveItemToCompletedButton('${entry}')}</arg>
<doc>Click the element identified by ``locator``.</doc>
<msg timestamp="20220523 15:35:39.634" level="INFO">Clicking element '//div[@class="card-deck"]//div[@class="card mb-3"][2]//div[@class="todo-list-group"]/div//span[text()="Melissa Camacho"]/../../button[3]'.</msg>
<status status="PASS" starttime="20220523 15:35:39.632" endtime="20220523 15:35:39.786"/>
</kw>
<kw name="Sleep" library="BuiltIn">
<arg>1s</arg>
<doc>Pauses the test executed for the given time.</doc>
<msg timestamp="20220523 15:35:40.788" level="INFO">Slept 1 second</msg>
<status status="PASS" starttime="20220523 15:35:39.787" endtime="20220523 15:35:40.788"/>
</kw>
<status status="PASS" starttime="20220523 15:35:39.631" endtime="20220523 15:35:40.788"/>
</kw>
<kw name="Assert move item to the list of completed" library="TodoPage">
<kw name="Get Element Count" library="SeleniumLibrary">
<var>${count}</var>
<arg>${FindItemsInTheListCompleted('${entry}')}</arg>
<doc>Returns the number of elements matching ``locator``.</doc>
<msg timestamp="20220523 15:35:40.815" level="INFO">${count} = 1</msg>
<status status="PASS" starttime="20220523 15:35:40.790" endtime="20220523 15:35:40.815"/>
</kw>
<kw name="Should Be True" library="BuiltIn">
<arg>${count} == 1</arg>
<doc>Fails if the given condition is not true.</doc>
<status status="PASS" starttime="20220523 15:35:40.815" endtime="20220523 15:35:40.816"/>
</kw>
<status status="PASS" starttime="20220523 15:35:40.789" endtime="20220523 15:35:40.816"/>
</kw>
<status status="PASS" starttime="20220523 15:35:30.968" endtime="20220523 15:35:40.817"/>
</test>
<test id="s1-t6" name="015 Umieszczenie na liście Pending pozycji o tej samej nazwie" line="75">
<kw name="Name" library="FakerLibrary">
<var>${entry}</var>
<doc>:example 'John Doe'</doc>
<msg timestamp="20220523 15:35:40.819" level="INFO">${entry} = Mary Dixon</msg>
<status status="PASS" starttime="20220523 15:35:40.819" endtime="20220523 15:35:40.819"/>
</kw>
<kw name="Set Suite Variable" library="BuiltIn">
<arg>${entry}</arg>
<doc>Makes a variable available everywhere within the scope of the current suite.</doc>
<msg timestamp="20220523 15:35:40.820" level="INFO">${entry} = Mary Dixon</msg>
<status status="PASS" starttime="20220523 15:35:40.820" endtime="20220523 15:35:40.820"/>
</kw>
<kw name="Opening Browser" library="Common">
<arg>${APP_URL}</arg>
<arg>${BROWSER}</arg>
<kw name="Open Browser" library="SeleniumLibrary">
<arg>${site_url}</arg>
<arg>${browser}</arg>
<doc>Opens a new browser instance to the optional ``url``.</doc>
<msg timestamp="20220523 15:35:40.821" level="INFO">Opening browser 'Chrome' to base url 'http://localhost/'.</msg>
<status status="PASS" starttime="20220523 15:35:40.821" endtime="20220523 15:35:43.600"/>
</kw>
<kw name="Wait Until Element Is Visible" library="SeleniumLibrary">
<arg>${SingUpButton}</arg>
<arg>timeout=5</arg>
<doc>Waits until the element ``locator`` is visible.</doc>
<status status="PASS" starttime="20220523 15:35:43.600" endtime="20220523 15:35:43.644"/>
</kw>
<kw name="Title Should Be" library="SeleniumLibrary">
<arg>Home | Frontend</arg>
<doc>Verifies that the current page title equals ``title``.</doc>
<msg timestamp="20220523 15:35:43.654" level="INFO">Page title is 'Home | Frontend'.</msg>
<status status="PASS" starttime="20220523 15:35:43.644" endtime="20220523 15:35:43.654"/>
</kw>
<status status="PASS" starttime="20220523 15:35:40.820" endtime="20220523 15:35:43.654"/>
</kw>
<kw name="Go to login page" library="Common">
<kw name="Click Element" library="SeleniumLibrary">
<arg>${LoginButton}</arg>
<doc>Click the element identified by ``locator``.</doc>
<msg timestamp="20220523 15:35:43.656" level="INFO">Clicking element '//a[contains(text(),'Login')]'.</msg>
<status status="PASS" starttime="20220523 15:35:43.655" endtime="20220523 15:35:43.715"/>
</kw>
<kw name="Sleep" library="BuiltIn">
<arg>1s</arg>
<doc>Pauses the test executed for the given time.</doc>
<msg timestamp="20220523 15:35:44.716" level="INFO">Slept 1 second</msg>
<status status="PASS" starttime="20220523 15:35:43.715" endtime="20220523 15:35:44.716"/>
</kw>
<status status="PASS" starttime="20220523 15:35:43.655" endtime="20220523 15:35:44.717"/>
</kw>
<kw name="Input Username" library="LoginPage">
<kw name="Input Text" library="SeleniumLibrary">
<arg>${LoginUsernameInput}</arg>
<arg>${USERNAME}</arg>
<doc>Types the given ``text`` into the text field identified by ``locator``.</doc>
<msg timestamp="20220523 15:35:44.720" level="INFO">Typing text 'ingusek' into text field 'input-username'.</msg>
<status status="PASS" starttime="20220523 15:35:44.718" endtime="20220523 15:35:44.874"/>
</kw>
<status status="PASS" starttime="20220523 15:35:44.717" endtime="20220523 15:35:44.874"/>
</kw>
<kw name="Input Password" library="LoginPage">
<kw name="Input Text" library="SeleniumLibrary">
<arg>${LoginPasswordInput}</arg>
<arg>${PASSWORD}</arg>
<doc>Types the given ``text`` into the text field identified by ``locator``.</doc>
<msg timestamp="20220523 15:35:44.876" level="INFO">Typing text 'test1234' into text field 'input-password'.</msg>
<status status="PASS" starttime="20220523 15:35:44.875" endtime="20220523 15:35:45.025"/>
</kw>
<status status="PASS" starttime="20220523 15:35:44.874" endtime="20220523 15:35:45.025"/>
</kw>
<kw name="Login button" library="LoginPage">
<kw name="Click Element" library="SeleniumLibrary">
<arg>${SubmitLoginButton}</arg>
<doc>Click the element identified by ``locator``.</doc>
<msg timestamp="20220523 15:35:45.027" level="INFO">Clicking element '//button[@type="submit"]'.</msg>
<status status="PASS" starttime="20220523 15:35:45.026" endtime="20220523 15:35:45.102"/>
</kw>
<kw name="Sleep" library="BuiltIn">
<arg>1s</arg>
<doc>Pauses the test executed for the given time.</doc>
<msg timestamp="20220523 15:35:46.103" level="INFO">Slept 1 second</msg>
<status status="PASS" starttime="20220523 15:35:45.103" endtime="20220523 15:35:46.103"/>
</kw>
<status status="PASS" starttime="20220523 15:35:45.026" endtime="20220523 15:35:46.104"/>
</kw>
<kw name="Assert Login" library="LoginPage">
<kw name="Get Text" library="SeleniumLibrary">
<var>${welcome}</var>
<arg>${GoToAccountPageButton}</arg>
<doc>Returns the text value of the element identified by ``locator``.</doc>
<msg timestamp="20220523 15:35:46.142" level="INFO">${welcome} = Welcome, Jan</msg>
<status status="PASS" starttime="20220523 15:35:46.105" endtime="20220523 15:35:46.142"/>
</kw>
<kw name="Should Be Equal" library="BuiltIn">
<arg>${welcome}</arg>
<arg>Welcome, Jan</arg>
<doc>Fails if the given objects are unequal.</doc>
<status status="PASS" starttime="20220523 15:35:46.142" endtime="20220523 15:35:46.142"/>
</kw>
<status status="PASS" starttime="20220523 15:35:46.104" endtime="20220523 15:35:46.143"/>
</kw>
<kw name="Open page Todo" library="TodoPage">
<kw name="Click Element" library="SeleniumLibrary">
<arg>${OpenPageTodoMenu}</arg>
<doc>Click the element identified by ``locator``.</doc>
<msg timestamp="20220523 15:35:46.144" level="INFO">Clicking element '//a[contains(text(),'Todo')]'.</msg>
<status status="PASS" starttime="20220523 15:35:46.143" endtime="20220523 15:35:46.195"/>
</kw>
<kw name="Sleep" library="BuiltIn">
<arg>1s</arg>
<doc>Pauses the test executed for the given time.</doc>
<msg timestamp="20220523 15:35:47.195" level="INFO">Slept 1 second</msg>
<status status="PASS" starttime="20220523 15:35:46.195" endtime="20220523 15:35:47.195"/>
</kw>
<status status="PASS" starttime="20220523 15:35:46.143" endtime="20220523 15:35:47.196"/>
</kw>
<kw name="Add a new entry to the list Todo" library="TodoPage">
<kw name="Input Text" library="SeleniumLibrary">
<arg>${TodoAddItemInput}</arg>
<arg>${entry}</arg>
<doc>Types the given ``text`` into the text field identified by ``locator``.</doc>
<msg timestamp="20220523 15:35:47.197" level="INFO">Typing text 'Mary Dixon' into text field 'input-name'.</msg>
<status status="PASS" starttime="20220523 15:35:47.197" endtime="20220523 15:35:47.327"/>
</kw>
<kw name="Click Element" library="SeleniumLibrary">
<arg>${ButtonAddTodo}</arg>
<doc>Click the element identified by ``locator``.</doc>
<msg timestamp="20220523 15:35:47.328" level="INFO">Clicking element '//button[contains(text(),'Add')]'.</msg>
<status status="PASS" starttime="20220523 15:35:47.327" endtime="20220523 15:35:47.498"/>
</kw>
<kw name="Sleep" library="BuiltIn">
<arg>1s</arg>
<doc>Pauses the test executed for the given time.</doc>
<msg timestamp="20220523 15:35:48.499" level="INFO">Slept 1 second</msg>
<status status="PASS" starttime="20220523 15:35:47.499" endtime="20220523 15:35:48.500"/>
</kw>
<status status="PASS" starttime="20220523 15:35:47.196" endtime="20220523 15:35:48.500"/>
</kw>
<kw name="Add a new entry to the list Todo" library="TodoPage">
<kw name="Input Text" library="SeleniumLibrary">
<arg>${TodoAddItemInput}</arg>
<arg>${entry}</arg>
<doc>Types the given ``text`` into the text field identified by ``locator``.</doc>
<msg timestamp="20220523 15:35:48.501" level="INFO">Typing text 'Mary Dixon' into text field 'input-name'.</msg>
<status status="PASS" starttime="20220523 15:35:48.501" endtime="20220523 15:35:48.594"/>
</kw>
<kw name="Click Element" library="SeleniumLibrary">
<arg>${ButtonAddTodo}</arg>
<doc>Click the element identified by ``locator``.</doc>
<msg timestamp="20220523 15:35:48.594" level="INFO">Clicking element '//button[contains(text(),'Add')]'.</msg>
<status status="PASS" starttime="20220523 15:35:48.594" endtime="20220523 15:35:48.741"/>
</kw>
<kw name="Sleep" library="BuiltIn">
<arg>1s</arg>
<doc>Pauses the test executed for the given time.</doc>
<msg timestamp="20220523 15:35:49.742" level="INFO">Slept 1 second</msg>
<status status="PASS" starttime="20220523 15:35:48.741" endtime="20220523 15:35:49.743"/>
</kw>
<status status="PASS" starttime="20220523 15:35:48.500" endtime="20220523 15:35:49.743"/>
</kw>
<status status="PASS" starttime="20220523 15:35:40.818" endtime="20220523 15:35:49.744"/>
</test>
<kw name="Run Keyword And Ignore Error" library="BuiltIn" type="TEARDOWN">
<arg>Suite shutdown</arg>
<doc>Runs the given keyword with the given arguments and ignores possible error.</doc>
<kw name="Suite shutdown" library="Common">
<kw name="Close All Browsers" library="SeleniumLibrary">
<doc>Closes all open browsers and resets the browser cache.</doc>
<status status="PASS" starttime="20220523 15:35:49.747" endtime="20220523 15:35:50.131"/>
</kw>
<status status="PASS" starttime="20220523 15:35:49.746" endtime="20220523 15:35:50.131"/>
</kw>
<status status="PASS" starttime="20220523 15:35:49.746" endtime="20220523 15:35:50.131"/>
</kw>
<doc>Registration (Page Object in Robot Framework)</doc>
<status status="PASS" starttime="20220523 15:34:58.882" endtime="20220523 15:35:50.131"/>
</suite>
<statistics>
<total>
<stat pass="6" fail="0" skip="0">All Tests</stat>
</total>
<tag>
</tag>
<suite>
<stat pass="6" fail="0" skip="0" id="s1" name="TodoTest">TodoTest</stat>
</suite>
</statistics>
<errors>
</errors>
</robot>
